CRITICAL - 2025-05-06 08:51:50 --> ErrorException: Declaration of App\Cells\ArtikelTerkini::render($kategori = null) must be compatible with CodeIgniter\View\Cell::render(string $library, $params = null, int $ttl = 0, ?string $cacheName = null): string
[Method: GET, Route: /]
in APPPATH\Cells\ArtikelTerkini.php on line 9.
 1 [internal function]: CodeIgniter\Debug\Exceptions->shutdownHandler()
CRITICAL - 2025-05-06 08:53:01 --> ErrorException: Declaration of App\Cells\ArtikelTerkini::render($kategori = null) must be compatible with CodeIgniter\View\Cell::render(string $library, $params = null, int $ttl = 0, ?string $cacheName = null): string
[Method: GET, Route: /]
in APPPATH\Cells\ArtikelTerkini.php on line 9.
 1 [internal function]: CodeIgniter\Debug\Exceptions->shutdownHandler()
CRITICAL - 2025-05-06 08:53:03 --> ErrorException: Declaration of App\Cells\ArtikelTerkini::render($kategori = null) must be compatible with CodeIgniter\View\Cell::render(string $library, $params = null, int $ttl = 0, ?string $cacheName = null): string
[Method: GET, Route: /]
in APPPATH\Cells\ArtikelTerkini.php on line 9.
 1 [internal function]: CodeIgniter\Debug\Exceptions->shutdownHandler()
CRITICAL - 2025-05-06 08:55:35 --> ErrorException: Declaration of App\Cells\ArtikelTerkini::render($kategori = null) must be compatible with CodeIgniter\View\Cell::render(string $library, $params = null, int $ttl = 0, ?string $cacheName = null): string
[Method: GET, Route: /]
in APPPATH\Cells\ArtikelTerkini.php on line 9.
 1 [internal function]: CodeIgniter\Debug\Exceptions->shutdownHandler()
CRITICAL - 2025-05-06 08:56:35 --> ErrorException: Declaration of App\Cells\ArtikelTerkini::render($kategori = null) must be compatible with CodeIgniter\View\Cell::render(string $library, $params = null, int $ttl = 0, ?string $cacheName = null): string
[Method: GET, Route: contact]
in APPPATH\Cells\ArtikelTerkini.php on line 9.
 1 [internal function]: CodeIgniter\Debug\Exceptions->shutdownHandler()
CRITICAL - 2025-05-06 08:56:39 --> ErrorException: Declaration of App\Cells\ArtikelTerkini::render($kategori = null) must be compatible with CodeIgniter\View\Cell::render(string $library, $params = null, int $ttl = 0, ?string $cacheName = null): string
[Method: GET, Route: /]
in APPPATH\Cells\ArtikelTerkini.php on line 9.
 1 [internal function]: CodeIgniter\Debug\Exceptions->shutdownHandler()
CRITICAL - 2025-05-06 08:59:00 --> ErrorException: Declaration of App\Cells\ArtikelTerkini::render($kategori = null) must be compatible with CodeIgniter\View\Cell::render(string $library, $params = null, int $ttl = 0, ?string $cacheName = null): string
[Method: GET, Route: /]
in APPPATH\Cells\ArtikelTerkini.php on line 9.
 1 [internal function]: CodeIgniter\Debug\Exceptions->shutdownHandler()
CRITICAL - 2025-05-06 08:59:08 --> ErrorException: Declaration of App\Cells\ArtikelTerkini::render($kategori = null) must be compatible with CodeIgniter\View\Cell::render(string $library, $params = null, int $ttl = 0, ?string $cacheName = null): string
[Method: GET, Route: contact]
in APPPATH\Cells\ArtikelTerkini.php on line 9.
 1 [internal function]: CodeIgniter\Debug\Exceptions->shutdownHandler()
CRITICAL - 2025-05-06 08:59:10 --> ErrorException: Declaration of App\Cells\ArtikelTerkini::render($kategori = null) must be compatible with CodeIgniter\View\Cell::render(string $library, $params = null, int $ttl = 0, ?string $cacheName = null): string
[Method: GET, Route: about]
in APPPATH\Cells\ArtikelTerkini.php on line 9.
 1 [internal function]: CodeIgniter\Debug\Exceptions->shutdownHandler()
CRITICAL - 2025-05-06 08:59:11 --> ErrorException: Declaration of App\Cells\ArtikelTerkini::render($kategori = null) must be compatible with CodeIgniter\View\Cell::render(string $library, $params = null, int $ttl = 0, ?string $cacheName = null): string
[Method: GET, Route: artikel]
in APPPATH\Cells\ArtikelTerkini.php on line 9.
 1 [internal function]: CodeIgniter\Debug\Exceptions->shutdownHandler()
CRITICAL - 2025-05-06 08:59:13 --> ErrorException: Declaration of App\Cells\ArtikelTerkini::render($kategori = null) must be compatible with CodeIgniter\View\Cell::render(string $library, $params = null, int $ttl = 0, ?string $cacheName = null): string
[Method: GET, Route: /]
in APPPATH\Cells\ArtikelTerkini.php on line 9.
 1 [internal function]: CodeIgniter\Debug\Exceptions->shutdownHandler()
CRITICAL - 2025-05-06 08:59:20 --> ErrorException: Declaration of App\Cells\ArtikelTerkini::render($kategori = null) must be compatible with CodeIgniter\View\Cell::render(string $library, $params = null, int $ttl = 0, ?string $cacheName = null): string
[Method: GET, Route: about]
in APPPATH\Cells\ArtikelTerkini.php on line 9.
 1 [internal function]: CodeIgniter\Debug\Exceptions->shutdownHandler()
CRITICAL - 2025-05-06 08:59:22 --> ErrorException: Declaration of App\Cells\ArtikelTerkini::render($kategori = null) must be compatible with CodeIgniter\View\Cell::render(string $library, $params = null, int $ttl = 0, ?string $cacheName = null): string
[Method: GET, Route: artikel]
in APPPATH\Cells\ArtikelTerkini.php on line 9.
 1 [internal function]: CodeIgniter\Debug\Exceptions->shutdownHandler()
CRITICAL - 2025-05-06 08:59:31 --> ErrorException: Declaration of App\Cells\ArtikelTerkini::render($kategori = null) must be compatible with CodeIgniter\View\Cell::render(string $library, $params = null, int $ttl = 0, ?string $cacheName = null): string
[Method: GET, Route: /]
in APPPATH\Cells\ArtikelTerkini.php on line 9.
 1 [internal function]: CodeIgniter\Debug\Exceptions->shutdownHandler()
CRITICAL - 2025-05-06 09:02:16 --> ErrorException: Declaration of App\Cells\ArtikelTerkini::render($kategori = null) must be compatible with CodeIgniter\View\Cell::render(string $library, $params = null, int $ttl = 0, ?string $cacheName = null): string
[Method: GET, Route: /]
in APPPATH\Cells\ArtikelTerkini.php on line 9.
 1 [internal function]: CodeIgniter\Debug\Exceptions->shutdownHandler()
CRITICAL - 2025-05-06 09:02:19 --> ErrorException: Declaration of App\Cells\ArtikelTerkini::render($kategori = null) must be compatible with CodeIgniter\View\Cell::render(string $library, $params = null, int $ttl = 0, ?string $cacheName = null): string
[Method: GET, Route: /]
in APPPATH\Cells\ArtikelTerkini.php on line 9.
 1 [internal function]: CodeIgniter\Debug\Exceptions->shutdownHandler()
CRITICAL - 2025-05-06 09:03:13 --> ErrorException: Declaration of App\Cells\ArtikelTerkini::render($kategori = null) must be compatible with CodeIgniter\View\Cell::render(string $library, $params = null, int $ttl = 0, ?string $cacheName = null): string
[Method: GET, Route: /]
in APPPATH\Cells\ArtikelTerkini.php on line 9.
 1 [internal function]: CodeIgniter\Debug\Exceptions->shutdownHandler()
CRITICAL - 2025-05-06 09:04:59 --> ErrorException: Declaration of App\Cells\ArtikelTerkini::render($kategori = null) must be compatible with CodeIgniter\View\Cell::render(string $library, $params = null, int $ttl = 0, ?string $cacheName = null): string
[Method: GET, Route: /]
in APPPATH\Cells\ArtikelTerkini.php on line 9.
 1 [internal function]: CodeIgniter\Debug\Exceptions->shutdownHandler()
CRITICAL - 2025-05-06 09:05:17 --> ErrorException: Declaration of App\Cells\ArtikelTerkini::render($kategori = null) must be compatible with CodeIgniter\View\Cell::render(string $library, $params = null, int $ttl = 0, ?string $cacheName = null): string
[Method: GET, Route: /]
in APPPATH\Cells\ArtikelTerkini.php on line 9.
 1 [internal function]: CodeIgniter\Debug\Exceptions->shutdownHandler()
CRITICAL - 2025-05-06 09:05:34 --> ErrorException: Declaration of App\Cells\ArtikelTerkini::render($kategori = null) must be compatible with CodeIgniter\View\Cell::render(string $library, $params = null, int $ttl = 0, ?string $cacheName = null): string
[Method: GET, Route: /]
in APPPATH\Cells\ArtikelTerkini.php on line 9.
 1 [internal function]: CodeIgniter\Debug\Exceptions->shutdownHandler()
CRITICAL - 2025-05-06 09:05:36 --> ErrorException: Declaration of App\Cells\ArtikelTerkini::render($kategori = null) must be compatible with CodeIgniter\View\Cell::render(string $library, $params = null, int $ttl = 0, ?string $cacheName = null): string
[Method: GET, Route: /]
in APPPATH\Cells\ArtikelTerkini.php on line 9.
 1 [internal function]: CodeIgniter\Debug\Exceptions->shutdownHandler()
CRITICAL - 2025-05-06 09:05:44 --> ErrorException: Declaration of App\Cells\ArtikelTerkini::render($kategori = null) must be compatible with CodeIgniter\View\Cell::render(string $library, $params = null, int $ttl = 0, ?string $cacheName = null): string
[Method: GET, Route: /]
in APPPATH\Cells\ArtikelTerkini.php on line 9.
 1 [internal function]: CodeIgniter\Debug\Exceptions->shutdownHandler()
CRITICAL - 2025-05-06 09:05:50 --> ErrorException: Declaration of App\Cells\ArtikelTerkini::render($kategori = null) must be compatible with CodeIgniter\View\Cell::render(string $library, $params = null, int $ttl = 0, ?string $cacheName = null): string
[Method: GET, Route: artikel]
in APPPATH\Cells\ArtikelTerkini.php on line 9.
 1 [internal function]: CodeIgniter\Debug\Exceptions->shutdownHandler()
CRITICAL - 2025-05-06 09:06:16 --> ErrorException: Declaration of App\Cells\ArtikelTerkini::render($kategori = null) must be compatible with CodeIgniter\View\Cell::render(string $library, $params = null, int $ttl = 0, ?string $cacheName = null): string
[Method: GET, Route: artikel]
in APPPATH\Cells\ArtikelTerkini.php on line 9.
 1 [internal function]: CodeIgniter\Debug\Exceptions->shutdownHandler()
CRITICAL - 2025-05-06 09:06:29 --> ErrorException: Declaration of App\Cells\ArtikelTerkini::render($kategori = null) must be compatible with CodeIgniter\View\Cell::render(string $library, $params = null, int $ttl = 0, ?string $cacheName = null): string
[Method: GET, Route: artikel]
in APPPATH\Cells\ArtikelTerkini.php on line 9.
 1 [internal function]: CodeIgniter\Debug\Exceptions->shutdownHandler()
CRITICAL - 2025-05-06 09:06:37 --> ErrorException: Declaration of App\Cells\ArtikelTerkini::render($kategori = null) must be compatible with CodeIgniter\View\Cell::render(string $library, $params = null, int $ttl = 0, ?string $cacheName = null): string
[Method: GET, Route: artikel]
in APPPATH\Cells\ArtikelTerkini.php on line 9.
 1 [internal function]: CodeIgniter\Debug\Exceptions->shutdownHandler()
CRITICAL - 2025-05-06 09:07:42 --> ErrorException: Declaration of App\Cells\ArtikelTerkini::render($kategori = null) must be compatible with CodeIgniter\View\Cell::render(string $library, $params = null, int $ttl = 0, ?string $cacheName = null): string
[Method: GET, Route: artikel]
in APPPATH\Cells\ArtikelTerkini.php on line 9.
 1 [internal function]: CodeIgniter\Debug\Exceptions->shutdownHandler()
CRITICAL - 2025-05-06 09:09:47 --> ErrorException: Declaration of App\Cells\ArtikelTerkini::render($kategori = null) must be compatible with CodeIgniter\View\Cell::render(string $library, $params = null, int $ttl = 0, ?string $cacheName = null): string
[Method: GET, Route: artikel]
in APPPATH\Cells\ArtikelTerkini.php on line 9.
 1 [internal function]: CodeIgniter\Debug\Exceptions->shutdownHandler()
CRITICAL - 2025-05-06 09:10:31 --> ErrorException: Declaration of App\Cells\ArtikelTerkini::render($kategori = null) must be compatible with CodeIgniter\View\Cell::render(string $library, $params = null, int $ttl = 0, ?string $cacheName = null): string
[Method: GET, Route: artikel]
in APPPATH\Cells\ArtikelTerkini.php on line 9.
 1 [internal function]: CodeIgniter\Debug\Exceptions->shutdownHandler()
CRITICAL - 2025-05-06 09:10:35 --> ErrorException: Declaration of App\Cells\ArtikelTerkini::render($kategori = null) must be compatible with CodeIgniter\View\Cell::render(string $library, $params = null, int $ttl = 0, ?string $cacheName = null): string
[Method: GET, Route: about]
in APPPATH\Cells\ArtikelTerkini.php on line 9.
 1 [internal function]: CodeIgniter\Debug\Exceptions->shutdownHandler()
CRITICAL - 2025-05-06 09:10:37 --> ErrorException: Declaration of App\Cells\ArtikelTerkini::render($kategori = null) must be compatible with CodeIgniter\View\Cell::render(string $library, $params = null, int $ttl = 0, ?string $cacheName = null): string
[Method: GET, Route: contact]
in APPPATH\Cells\ArtikelTerkini.php on line 9.
 1 [internal function]: CodeIgniter\Debug\Exceptions->shutdownHandler()
CRITICAL - 2025-05-06 09:10:38 --> ErrorException: Declaration of App\Cells\ArtikelTerkini::render($kategori = null) must be compatible with CodeIgniter\View\Cell::render(string $library, $params = null, int $ttl = 0, ?string $cacheName = null): string
[Method: GET, Route: /]
in APPPATH\Cells\ArtikelTerkini.php on line 9.
 1 [internal function]: CodeIgniter\Debug\Exceptions->shutdownHandler()
CRITICAL - 2025-05-06 09:10:47 --> ErrorException: Declaration of App\Cells\ArtikelTerkini::render($kategori = null) must be compatible with CodeIgniter\View\Cell::render(string $library, $params = null, int $ttl = 0, ?string $cacheName = null): string
[Method: GET, Route: artikel]
in APPPATH\Cells\ArtikelTerkini.php on line 9.
 1 [internal function]: CodeIgniter\Debug\Exceptions->shutdownHandler()
CRITICAL - 2025-05-06 09:10:55 --> ErrorException: Declaration of App\Cells\ArtikelTerkini::render($kategori = null) must be compatible with CodeIgniter\View\Cell::render(string $library, $params = null, int $ttl = 0, ?string $cacheName = null): string
[Method: GET, Route: /]
in APPPATH\Cells\ArtikelTerkini.php on line 9.
 1 [internal function]: CodeIgniter\Debug\Exceptions->shutdownHandler()
CRITICAL - 2025-05-06 09:10:57 --> ErrorException: Declaration of App\Cells\ArtikelTerkini::render($kategori = null) must be compatible with CodeIgniter\View\Cell::render(string $library, $params = null, int $ttl = 0, ?string $cacheName = null): string
[Method: GET, Route: artikel]
in APPPATH\Cells\ArtikelTerkini.php on line 9.
 1 [internal function]: CodeIgniter\Debug\Exceptions->shutdownHandler()
CRITICAL - 2025-05-06 09:11:05 --> ErrorException: Declaration of App\Cells\ArtikelTerkini::render($kategori = null) must be compatible with CodeIgniter\View\Cell::render(string $library, $params = null, int $ttl = 0, ?string $cacheName = null): string
[Method: GET, Route: /]
in APPPATH\Cells\ArtikelTerkini.php on line 9.
 1 [internal function]: CodeIgniter\Debug\Exceptions->shutdownHandler()
